#
# A fatal error has been detected by the Java Runtime Environment:
#
#  EXCEPTION_ACCESS_VIOLATION (0xc0000005) at pc=0x00007ffcb248ae39, pid=5828, tid=716
#
# JRE version: Java(TM) SE Runtime Environment (16.0.2+7) (build 16.0.2+7-67)
# Java VM: Java HotSpot(TM) 64-Bit Server VM (16.0.2+7-67, mixed mode, sharing, tiered, compressed oops, compressed class ptrs, g1 gc, windows-amd64)
# Problematic frame:
# V  [jvm.dll+0x23ae39]
#
# No core dump will be written. Minidumps are not enabled by default on client versions of Windows
#
# If you would like to submit a bug report, please visit:
#   https://bugreport.java.com/bugreport/crash.jsp
#

---------------  S U M M A R Y ------------

Command Line: -XX:+ShowCodeDetailsInExceptionMessages -agentlib:jdwp=transport=dt_socket,suspend=y,address=localhost:54293 -javaagent:E:\workspaces\eclipse\sts-4.11.1.RELEASE\configuration\org.eclipse.osgi\258\0\.cp\lib\javaagent-shaded.jar -Dfile.encoding=UTF-8 com.javis.web.config.Application

Host: AMD Ryzen 5 5600X 6-Core Processor             , 12 cores, 31G,  Windows 10 , 64 bit Build 19041 (10.0.19041.1151)
Time: Sun Sep  5 21:18:39 2021  Windows 10 , 64 bit Build 19041 (10.0.19041.1151) elapsed time: 155.987262 seconds (0d 0h 2m 35s)

---------------  T H R E A D  ---------------

Current thread (0x00000252776184c0):  VMThread "VM Thread" [stack: 0x000000f662e00000,0x000000f662f00000] [id=716]

Stack: [0x000000f662e00000,0x000000f662f00000],  sp=0x000000f662eff0f0,  free space=1020k
Native frames: (J=compiled Java code, j=interpreted, Vv=VM code, C=native code)
V  [jvm.dll+0x23ae39]
V  [jvm.dll+0x61ebc0]
V  [jvm.dll+0x61f62f]
V  [jvm.dll+0x523ffd]
V  [jvm.dll+0x527bff]
V  [jvm.dll+0x5256cb]
V  [jvm.dll+0x7d00ab]
V  [jvm.dll+0x7d0da4]
V  [jvm.dll+0x7d12a9]
V  [jvm.dll+0x7d1564]
V  [jvm.dll+0x7d1630]
V  [jvm.dll+0x7795aa]
V  [jvm.dll+0x667066]
C  [ucrtbase.dll+0x21bb2]
C  [KERNEL32.DLL+0x17034]
C  [ntdll.dll+0x52651]


siginfo: EXCEPTION_ACCESS_VIOLATION (0xc0000005), reading address 0x0000025205f07e98


Register to memory mapping:

RIP=0x00007ffcb248ae39 jvm.dll
RAX=2097152 is a compressed pointer to class: 0x0000000801000000
RBX=0x0000025205d07580 is pointing into metadata
RCX=0x0000025205d07e98 is pointing into metadata
RDX=0x000000000000ffff is an unknown value
RSP=0x000000f662eff0f0 points into unknown readable memory: 0x00007ffcb2d60980 | 80 09 d6 b2 fc 7f 00 00
RBP=0x000000f662eff1e9 points into unknown readable memory: 84 61 77 52 02 00 00
RSI=0x000000000000ffff is an unknown value
RDI=0x000000000000ffff is an unknown value
R8 ={method} {0x0000025205d077f0} '<init>' '()V' in 'com/javis/web/controller/UserRestController'
R9 =0x0000000000000003 is an unknown value
R10=0x0000025277609150 points into unknown readable memory: 0x0000001e00000002 | 02 00 00 00 1e 00 00 00
R11={method} {0x0000025205d077f0} '<init>' '()V' in 'com/javis/web/controller/UserRestController'
R12=0x0 is NULL
R13={method} {0x000002527ab85638} '<init>' '()V' in 'com/javis/web/controller/UserRestController'
R14=0x0000025205d077d1 is pointing into metadata
R15=0x00007ffcb2250000 jvm.dll


Registers:
RAX=0x0000000000200000, RBX=0x0000025205d07580, RCX=0x0000025205d07e98, RDX=0x000000000000ffff
RSP=0x000000f662eff0f0, RBP=0x000000f662eff1e9, RSI=0x000000000000ffff, RDI=0x000000000000ffff
R8 =0x0000025205d077e8, R9 =0x0000000000000003, R10=0x0000025277609150, R11=0x0000025205d077e8
R12=0x0000000000000000, R13=0x000002527ab85630, R14=0x0000025205d077d1, R15=0x00007ffcb2250000
RIP=0x00007ffcb248ae39, EFLAGS=0x0000000000010216

Top of Stack: (sp=0x000000f662eff0f0)
0x000000f662eff0f0:   00007ffcb2d60980 000002527f0b5850
0x000000f662eff100:   0000000000000000 000000f662eff1c0
0x000000f662eff110:   0000000000000000 00007ffcb286ebc0
0x000000f662eff120:   00000000000000b7 0000000000000000
0x000000f662eff130:   0000000000000000 00000000ffff0000
0x000000f662eff140:   000000f662eff1b0 00007ffcb23750fe
0x000000f662eff150:   0000025205d077e8 00007ffcb28692a0
0x000000f662eff160:   000000080115cc00 000000f6639ff2d0
0x000000f662eff170:   00000000000000b7 00007ffcb286f62f
0x000000f662eff180:   00000000000000b7 000000f662eff1e9
0x000000f662eff190:   00000000000000b7 0000000000000018
0x000000f662eff1a0:   0000025205d077e8 00000252776184c0
0x000000f662eff1b0:   0000025205d077e8 00000252776184c0
0x000000f662eff1c0:   0000000400000001 000000b700000005
0x000000f662eff1d0:   0000000801150000 000000f6000000b7
0x000000f662eff1e0:   000002527ab85630 00000252776184c0 

Instructions: (pc=0x00007ffcb248ae39)
0x00007ffcb248ad39:   18 57 48 83 ec 30 48 63 da 49 8b f0 48 8b f9 85
0x00007ffcb248ad49:   d2 79 24 4c 8d 0d 7d 8a 69 00 ba b4 02 00 00 4c
0x00007ffcb248ad59:   8d 05 a9 8a 69 00 48 8d 0d 12 8a 69 00 e8 d5 7d
0x00007ffcb248ad69:   00 00 e8 d0 cf 42 00 48 8b 57 10 48 85 d2 74 0f
0x00007ffcb248ad79:   48 8d 43 01 48 c1 e0 05 48 8b 04 10 0f b7 d8 48
0x00007ffcb248ad89:   63 c3 48 8d 54 24 40 48 89 7c 24 20 48 89 74 24
0x00007ffcb248ad99:   28 48 8b 8e 88 02 00 00 8b 5c c7 48 48 89 7c 24
0x00007ffcb248ada9:   40 e8 51 f9 dc ff 0f b7 d3 48 8d 4c 24 20 4c 8b
0x00007ffcb248adb9:   ce 41 b0 01 e8 ae fb ff ff 48 8d 4c 24 20 48 8b
0x00007ffcb248adc9:   d8 e8 f1 6e 10 00 48 8b 74 24 50 48 8b c3 48 8b
0x00007ffcb248add9:   5c 24 48 48 83 c4 30 5f c3 cc cc cc cc cc cc cc
0x00007ffcb248ade9:   cc cc cc cc cc cc cc 48 89 5c 24 08 57 48 83 ec
0x00007ffcb248adf9:   20 48 63 fa 48 8b d9 85 d2 79 24 4c 8d 0d c5 89
0x00007ffcb248ae09:   69 00 ba b4 02 00 00 4c 8d 05 f1 89 69 00 48 8d
0x00007ffcb248ae19:   0d 5a 89 69 00 e8 1d 7d 00 00 e8 18 cf 42 00 48
0x00007ffcb248ae29:   8b 4b 10 48 85 c9 74 0f 48 8d 47 01 48 c1 e0 05
0x00007ffcb248ae39:   48 8b 04 08 0f b7 f8 48 63 c7 0f b7 4c c3 48 0f
0x00007ffcb248ae49:   b7 44 cb 4a 48 8b 44 c3 48 48 8b 5c 24 30 48 83
0x00007ffcb248ae59:   c4 20 5f c3 cc cc cc 48 8b 49 20 48 8b 09 e9 24
0x00007ffcb248ae69:   5e 00 00 cc cc cc cc 4c 8b 41 20 4d 8b 00 e9 54
0x00007ffcb248ae79:   02 00 00 cc cc cc cc 48 89 5c 24 18 56 57 41 56
0x00007ffcb248ae89:   48 83 ec 20 48 83 3d 2b bb 88 00 00 4c 8b f2 48
0x00007ffcb248ae99:   8b f9 74 0f 48 8b d1 48 8d 0d a9 88 69 00 e8 c4
0x00007ffcb248aea9:   e3 e6 ff 45 33 c0 41 8d 50 17 8d 4a 11 e8 c5 d7
0x00007ffcb248aeb9:   e6 ff 33 db 48 85 c0 74 22 48 8d 0d 0f 7f 66 00
0x00007ffcb248aec9:   89 58 08 48 89 08 48 8d 4f 08 48 89 48 20 88 58
0x00007ffcb248aed9:   0c 48 89 58 10 48 89 58 18 eb 03 48 8b c3 48 8b
0x00007ffcb248aee9:   d0 49 8b ce e8 8e 5d 3d 00 45 33 c0 41 8d 50 17
0x00007ffcb248aef9:   8d 4a 11 e8 7f d7 e6 ff 48 85 c0 74 27 48 8d 0d
0x00007ffcb248af09:   53 8d 69 00 c7 40 08 02 00 00 00 48 89 08 48 8d
0x00007ffcb248af19:   4f 10 48 89 48 20 c6 40 0c 00 48 89 58 10 48 89
0x00007ffcb248af29:   58 18 eb 03 48 8b c3 48 8b d0 49 8b ce e8 45 5d 


Stack slot to memory mapping:
stack at sp + 0 slots: 0x00007ffcb2d60980 jvm.dll
stack at sp + 1 slots: 0x000002527f0b5850 points into unknown readable memory: 0x000002527f184d30 | 30 4d 18 7f 52 02 00 00
stack at sp + 2 slots: 0x0 is NULL
stack at sp + 3 slots: 0x000000f662eff1c0 points into unknown readable memory: 0x0000000400000001 | 01 00 00 00 04 00 00 00
stack at sp + 4 slots: 0x0 is NULL
stack at sp + 5 slots: 0x00007ffcb286ebc0 jvm.dll
stack at sp + 6 slots: 0x00000000000000b7 is an unknown value
stack at sp + 7 slots: 0x0 is NULL

VM_Operation (0x000000f6639ff2d0): RedefineClasses, mode: safepoint, requested by thread 0x00000252781a32d0, redefining class com.javis.web.controller.UserRestController



---------------  P R O C E S S  ---------------

Threads class SMR info:
_java_thread_list=0x000002527932fca0, length=27, elements={
0x000002527761b8a0, 0x000002527761cf00, 0x000002527762ff50, 0x00000252780030a0,
0x0000025278007e70, 0x000002527800c510, 0x0000025278011aa0, 0x0000025278012ba0,
0x00000252780139d0, 0x00000252775fd4e0, 0x00000252781a32d0, 0x0000025278290d90,
0x00000252782932e0, 0x000002527836c0f0, 0x000002527c4d66b0, 0x000002527c4d7150,
0x000002527c4d76a0, 0x000002527c4d7bf0, 0x000002527f92da10, 0x000002527f92ba30,
0x000002527f92af90, 0x000002527f92a4f0, 0x000002527f928a60, 0x000002527f92e4b0,
0x000002527f92c4d0, 0x000002527f929a50, 0x000002527f92bf80
}

Java Threads: ( => current thread )
  0x000002527761b8a0 JavaThread "Reference Handler" daemon [_thread_blocked, id=19576, stack(0x000000f662f00000,0x000000f663000000)]
  0x000002527761cf00 JavaThread "Finalizer" daemon [_thread_blocked, id=17164, stack(0x000000f663000000,0x000000f663100000)]
  0x000002527762ff50 JavaThread "Signal Dispatcher" daemon [_thread_blocked, id=23912, stack(0x000000f663100000,0x000000f663200000)]
  0x00000252780030a0 JavaThread "Attach Listener" daemon [_thread_blocked, id=9468, stack(0x000000f663200000,0x000000f663300000)]
  0x0000025278007e70 JavaThread "Service Thread" daemon [_thread_blocked, id=12356, stack(0x000000f663300000,0x000000f663400000)]
  0x000002527800c510 JavaThread "Monitor Deflation Thread" daemon [_thread_blocked, id=19588, stack(0x000000f663400000,0x000000f663500000)]
  0x0000025278011aa0 JavaThread "C2 CompilerThread0" daemon [_thread_blocked, id=32216, stack(0x000000f663500000,0x000000f663600000)]
  0x0000025278012ba0 JavaThread "C1 CompilerThread0" daemon [_thread_blocked, id=360, stack(0x000000f663600000,0x000000f663700000)]
  0x00000252780139d0 JavaThread "Sweeper thread" daemon [_thread_blocked, id=30156, stack(0x000000f663700000,0x000000f663800000)]
  0x00000252775fd4e0 JavaThread "Common-Cleaner" daemon [_thread_blocked, id=30496, stack(0x000000f663800000,0x000000f663900000)]
  0x00000252781a32d0 JavaThread "JDWP Transport Listener: dt_socket" daemon [_thread_blocked, id=23504, stack(0x000000f663900000,0x000000f663a00000)]
  0x0000025278290d90 JavaThread "JDWP Event Helper Thread" daemon [_thread_blocked, id=6884, stack(0x000000f663a00000,0x000000f663b00000)]
  0x00000252782932e0 JavaThread "JDWP Command Reader" daemon [_thread_in_native, id=8800, stack(0x000000f663b00000,0x000000f663c00000)]
  0x000002527836c0f0 JavaThread "Notification Thread" daemon [_thread_blocked, id=13236, stack(0x000000f663d00000,0x000000f663e00000)]
  0x000002527c4d66b0 JavaThread "Catalina-utility-1" [_thread_blocked, id=32016, stack(0x000000f664b00000,0x000000f664c00000)]
  0x000002527c4d7150 JavaThread "Catalina-utility-2" [_thread_blocked, id=1752, stack(0x000000f664c00000,0x000000f664d00000)]
  0x000002527c4d76a0 JavaThread "container-0" [_thread_blocked, id=25628, stack(0x000000f664d00000,0x000000f664e00000)]
  0x000002527c4d7bf0 JavaThread "mysql-cj-abandoned-connection-cleanup" daemon [_thread_blocked, id=32000, stack(0x000000f664e00000,0x000000f664f00000)]
  0x000002527f92da10 JavaThread "http-nio-8080-Poller" daemon [_thread_in_native, id=19628, stack(0x000000f664f00000,0x000000f665000000)]
  0x000002527f92ba30 JavaThread "http-nio-8080-Acceptor" daemon [_thread_in_native, id=21452, stack(0x000000f665000000,0x000000f665100000)]
  0x000002527f92af90 JavaThread "DestroyJavaVM" [_thread_blocked, id=8292, stack(0x000000f662800000,0x000000f662900000)]
  0x000002527f92a4f0 JavaThread "http-nio-8080-exec-1" daemon [_thread_blocked, id=9388, stack(0x000000f663c00000,0x000000f663d00000)]
  0x000002527f928a60 JavaThread "http-nio-8080-exec-2" daemon [_thread_blocked, id=17444, stack(0x000000f665200000,0x000000f665300000)]
  0x000002527f92e4b0 JavaThread "http-nio-8080-exec-3" daemon [_thread_blocked, id=10248, stack(0x000000f665100000,0x000000f665200000)]
  0x000002527f92c4d0 JavaThread "http-nio-8080-exec-4" daemon [_thread_blocked, id=32256, stack(0x000000f664800000,0x000000f664900000)]
  0x000002527f929a50 JavaThread "http-nio-8080-exec-5" daemon [_thread_blocked, id=14008, stack(0x000000f662500000,0x000000f662600000)]
  0x000002527f92bf80 JavaThread "http-nio-8080-exec-6" daemon [_thread_blocked, id=12620, stack(0x000000f662600000,0x000000f662700000)]

Other Threads:
=>0x00000252776184c0 VMThread "VM Thread" [stack: 0x000000f662e00000,0x000000f662f00000] [id=716]
  0x0000025248d255e0 WatcherThread [stack: 0x000000f663e00000,0x000000f663f00000] [id=24696]
  0x0000025248d99480 GCTaskThread "GC Thread#0" [stack: 0x000000f662900000,0x000000f662a00000] [id=30112]
  0x0000025278bdf780 GCTaskThread "GC Thread#1" [stack: 0x000000f663f00000,0x000000f664000000] [id=3716]
  0x0000025278bdfa90 GCTaskThread "GC Thread#2" [stack: 0x000000f664000000,0x000000f664100000] [id=22112]
  0x0000025278d3f560 GCTaskThread "GC Thread#3" [stack: 0x000000f664100000,0x000000f664200000] [id=7428]
  0x0000025278d3e610 GCTaskThread "GC Thread#4" [stack: 0x000000f664200000,0x000000f664300000] [id=17836]
  0x0000025278d3f250 GCTaskThread "GC Thread#5" [stack: 0x000000f664300000,0x000000f664400000] [id=7576]
  0x0000025278d3fb80 GCTaskThread "GC Thread#6" [stack: 0x000000f664400000,0x000000f664500000] [id=14708]
  0x0000025278d3e920 GCTaskThread "GC Thread#7" [stack: 0x000000f664500000,0x000000f664600000] [id=2780]
  0x0000025278d3dff0 GCTaskThread "GC Thread#8" [stack: 0x000000f664600000,0x000000f664700000] [id=21980]
  0x0000025278d3f870 GCTaskThread "GC Thread#9" [stack: 0x000000f664700000,0x000000f664800000] [id=20112]
  0x0000025248daabf0 ConcurrentGCThread "G1 Main Marker" [stack: 0x000000f662a00000,0x000000f662b00000] [id=10364]
  0x0000025248dac670 ConcurrentGCThread "G1 Conc#0" [stack: 0x000000f662b00000,0x000000f662c00000] [id=31940]
  0x0000025278d3e300 ConcurrentGCThread "G1 Conc#1" [stack: 0x000000f664900000,0x000000f664a00000] [id=5736]
  0x0000025278d3ec30 ConcurrentGCThread "G1 Conc#2" [stack: 0x000000f664a00000,0x000000f664b00000] [id=12080]
  0x0000025248dfe1c0 ConcurrentGCThread "G1 Refine#0" [stack: 0x000000f662c00000,0x000000f662d00000] [id=26804]
  0x00000252774cc120 ConcurrentGCThread "G1 Service" [stack: 0x000000f662d00000,0x000000f662e00000] [id=30108]

Threads with active compile tasks:

VM state: at safepoint (normal execution)

VM Mutex/Monitor currently owned by a thread:  ([mutex/lock_event])
[0x0000025248d1e9e0] Threads_lock - owner thread: 0x00000252776184c0

Heap address: 0x0000000600c00000, size: 8180 MB, Compressed Oops mode: Zero based, Oop shift amount: 3

CDS archive(s) mapped at: [0x0000000800000000-0x0000000800bb0000-0x0000000800bb0000), size 12255232, SharedBaseAddress: 0x0000000800000000, ArchiveRelocationMode: 0.
Compressed class space mapped at: 0x0000000800c00000-0x0000000840c00000, reserved size: 1073741824
Narrow klass base: 0x0000000800000000, Narrow klass shift: 3, Narrow klass range: 0x100000000

GC Precious Log:
 CPUs: 12 total, 12 available
 Memory: 32712M
 Large Page Support: Disabled
 NUMA Support: Disabled
 Compressed Oops: Enabled (Zero based)
 Heap Region Size: 4M
 Heap Min Capacity: 8M
 Heap Initial Capacity: 512M
 Heap Max Capacity: 8180M
 Pre-touch: Disabled
 Parallel Workers: 10
 Concurrent Workers: 3
 Concurrent Refinement Workers: 10
 Periodic GC: Disabled

Heap:
 garbage-first heap   total 98304K, used 35968K [0x0000000600c00000, 0x0000000800000000)
  region size 4096K, 7 young (28672K), 2 survivors (8192K)
 Metaspace       used 46426K, committed 46784K, reserved 1097728K
  class space    used 5322K, committed 5504K, reserved 1048576K

Heap Regions: E=young(eden), S=young(survivor), O=old, HS=humongous(starts), HC=humongous(continues), CS=collection set, F=free, OA=open archive, CA=closed archive, TAMS=top-at-mark-start (previous, next)
|   0|0x0000000600c00000, 0x0000000601000000, 0x0000000601000000|100%| O|  |TAMS 0x0000000601000000, 0x0000000600c00000| Untracked 
|   1|0x0000000601000000, 0x000000060110a800, 0x0000000601400000| 26%| O|  |TAMS 0x000000060110a800, 0x0000000601000000| Untracked 
|   2|0x0000000601400000, 0x0000000601800000, 0x0000000601800000|100%| O|  |TAMS 0x0000000601800000, 0x0000000601400000| Untracked 
|   3|0x0000000601800000, 0x0000000601a58c00, 0x0000000601c00000| 58%| O|  |TAMS 0x0000000601800000, 0x0000000601800000| Untracked 
|   4|0x0000000601c00000, 0x0000000601f19200, 0x0000000602000000| 77%| O|  |TAMS 0x0000000601f19200, 0x0000000601c00000| Untracked 
|   5|0x0000000602000000, 0x0000000602000000, 0x0000000602400000|  0%| F|  |TAMS 0x0000000602000000, 0x0000000602000000| Untracked 
|   6|0x0000000602400000, 0x0000000602400000, 0x0000000602800000|  0%| F|  |TAMS 0x0000000602400000, 0x0000000602400000| Untracked 
|   7|0x0000000602800000, 0x0000000602800000, 0x0000000602c00000|  0%| F|  |TAMS 0x0000000602800000, 0x0000000602800000| Untracked 
|   8|0x0000000602c00000, 0x0000000602ca3c00, 0x0000000603000000| 15%| S|CS|TAMS 0x0000000602c00000, 0x0000000602c00000| Complete 
|   9|0x0000000603000000, 0x0000000603400000, 0x0000000603400000|100%| S|CS|TAMS 0x0000000603000000, 0x0000000603000000| Complete 
|  10|0x0000000603400000, 0x0000000603400000, 0x0000000603800000|  0%| F|  |TAMS 0x0000000603400000, 0x0000000603400000| Untracked 
|  11|0x0000000603800000, 0x0000000603800000, 0x0000000603c00000|  0%| F|  |TAMS 0x0000000603800000, 0x0000000603800000| Untracked 
|  12|0x0000000603c00000, 0x0000000603c00000, 0x0000000604000000|  0%| F|  |TAMS 0x0000000603c00000, 0x0000000603c00000| Untracked 
|  13|0x0000000604000000, 0x0000000604000000, 0x0000000604400000|  0%| F|  |TAMS 0x0000000604000000, 0x0000000604000000| Untracked 
|  14|0x0000000604400000, 0x0000000604400000, 0x0000000604800000|  0%| F|  |TAMS 0x0000000604400000, 0x0000000604400000| Untracked 
|  15|0x0000000604800000, 0x0000000604800000, 0x0000000604c00000|  0%| F|  |TAMS 0x0000000604800000, 0x0000000604800000| Untracked 
|  16|0x0000000604c00000, 0x0000000604c00000, 0x0000000605000000|  0%| F|  |TAMS 0x0000000604c00000, 0x0000000604c00000| Untracked 
|  17|0x0000000605000000, 0x0000000605000000, 0x0000000605400000|  0%| F|  |TAMS 0x0000000605000000, 0x0000000605000000| Untracked 
|  18|0x0000000605400000, 0x0000000605400000, 0x0000000605800000|  0%| F|  |TAMS 0x0000000605400000, 0x0000000605400000| Untracked 
|  19|0x0000000605800000, 0x0000000605ba9a58, 0x0000000605c00000| 91%| E|  |TAMS 0x0000000605800000, 0x0000000605800000| Complete 
|  20|0x0000000605c00000, 0x0000000606000000, 0x0000000606000000|100%| E|CS|TAMS 0x0000000605c00000, 0x0000000605c00000| Complete 
|  21|0x0000000606000000, 0x0000000606400000, 0x0000000606400000|100%| E|CS|TAMS 0x0000000606000000, 0x0000000606000000| Complete 
|  22|0x0000000606400000, 0x0000000606800000, 0x0000000606800000|100%| E|CS|TAMS 0x0000000606400000, 0x0000000606400000| Complete 
| 127|0x0000000620800000, 0x0000000620c00000, 0x0000000620c00000|100%| E|CS|TAMS 0x0000000620800000, 0x0000000620800000| Complete 

Card table byte_map: [0x0000025262940000,0x0000025263940000] _byte_map_base: 0x000002525f93a000

Marking Bits (Prev, Next): (CMBitMap*) 0x0000025248d99af0, (CMBitMap*) 0x0000025248d99b30
 Prev Bits: [0x0000025264940000, 0x000002526c910000)
 Next Bits: [0x000002526c910000, 0x00000252748e0000)

Polling page: 0x0000025248b70000

Metaspace:

Usage:
  Non-class:     40.14 MB used.
      Class:      5.20 MB used.
       Both:     45.34 MB used.

Virtual space:
  Non-class space:       48.00 MB reserved,      40.31 MB ( 84%) committed,  6 nodes.
      Class space:        1.00 GB reserved,       5.38 MB ( <1%) committed,  1 nodes.
              Both:        1.05 GB reserved,      45.69 MB (  4%) committed. 

Chunk freelists:
   Non-Class:  2.97 MB
       Class:  2.64 MB
        Both:  5.61 MB

MaxMetaspaceSize: 17179869184.00 GB
CompressedClassSpaceSize: 1.00 GB
 - commit_granule_bytes: 65536.
 - commit_granule_words: 8192.
 - virtual_space_node_default_size: 1048576.
 - enlarge_chunks_in_place: 1.
 - new_chunks_are_fully_committed: 0.
 - uncommit_free_chunks: 1.
 - use_allocation_guard: 0.
 - handle_deallocations: 1.


Internal statistics:

num_allocs_failed_limit: 6.
num_arena_births: 438.
num_arena_deaths: 0.
num_vsnodes_births: 7.
num_vsnodes_deaths: 0.
num_space_committed: 731.
num_space_uncommitted: 0.
num_chunks_returned_to_freelist: 6.
num_chunks_taken_from_freelist: 1965.
num_chunk_merges: 6.
num_chunk_splits: 1383.
num_chunks_enlarged: 1072.
num_purges: 0.

CodeHeap 'non-profiled nmethods': size=120000Kb used=3438Kb max_used=3438Kb free=116561Kb
 bounds [0x0000025259790000, 0x0000025259af0000, 0x0000025260cc0000]
CodeHeap 'profiled nmethods': size=120000Kb used=10104Kb max_used=10164Kb free=109895Kb
 bounds [0x0000025252260000, 0x0000025252cb0000, 0x0000025259790000]
CodeHeap 'non-nmethods': size=5760Kb used=1343Kb max_used=1441Kb free=4416Kb
 bounds [0x0000025251cc0000, 0x0000025251f30000, 0x0000025252260000]
 total_blobs=5170 nmethods=4582 adapters=498
 compilation: enabled
              stopped_count=0, restarted_count=0
 full_count=0

Compilation events (20 events):
Event: 125.907 Thread 0x0000025278012ba0 5238  s    3       org.apache.tomcat.util.collections.SynchronizedQueue::size (23 bytes)
Event: 125.907 Thread 0x0000025278012ba0 nmethod 5238 0x0000025252309690 code [0x0000025252309840, 0x0000025252309a58]
Event: 126.174 Thread 0x0000025278012ba0 5239       3       java.util.concurrent.locks.AbstractQueuedSynchronizer$ConditionObject::awaitNanos (200 bytes)
Event: 126.174 Thread 0x0000025278012ba0 nmethod 5239 0x00000252522bcf90 code [0x00000252522bd280, 0x00000252522be3e8]
Event: 131.174 Thread 0x0000025278012ba0 5240       3       java.util.concurrent.locks.AbstractQueuedSynchronizer::acquire (20 bytes)
Event: 131.174 Thread 0x0000025278012ba0 nmethod 5240 0x0000025252309190 code [0x0000025252309340, 0x00000252523095b8]
Event: 132.971 Thread 0x0000025278012ba0 5241       1       org.apache.tomcat.util.net.SocketProperties::getTimeoutInterval (5 bytes)
Event: 132.971 Thread 0x0000025278012ba0 nmethod 5241 0x0000025259aeb390 code [0x0000025259aeb520, 0x0000025259aeb5f8]
Event: 134.176 Thread 0x0000025278012ba0 5242       3       java.util.concurrent.locks.AbstractQueuedSynchronizer$Node::setPrevRelaxed (12 bytes)
Event: 134.176 Thread 0x0000025278012ba0 nmethod 5242 0x0000025252308c90 code [0x0000025252308e20, 0x0000025252308f98]
Event: 134.176 Thread 0x0000025278012ba0 5243       3       java.util.concurrent.locks.AbstractQueuedSynchronizer::casTail (13 bytes)
Event: 134.176 Thread 0x0000025278012ba0 nmethod 5243 0x00000252522bcc10 code [0x00000252522bcda0, 0x00000252522bcf18]
Event: 142.167 Thread 0x0000025278012ba0 5244       3       java.util.concurrent.locks.LockSupport::parkNanos (29 bytes)
Event: 142.167 Thread 0x0000025278012ba0 nmethod 5244 0x00000252522bc710 code [0x00000252522bc8e0, 0x00000252522bcae8]
Event: 149.168 Thread 0x0000025278011aa0 5245       4       jdk.internal.misc.Unsafe::weakCompareAndSetInt (11 bytes)
Event: 149.168 Thread 0x0000025278012ba0 5246       3       java.util.concurrent.locks.ReentrantLock$Sync::tryRelease (51 bytes)
Event: 149.168 Thread 0x0000025278011aa0 nmethod 5245 0x0000025259aeb690 code [0x0000025259aeb800, 0x0000025259aeb898]
Event: 149.168 Thread 0x0000025278012ba0 nmethod 5246 0x0000025252353710 code [0x00000252523538e0, 0x0000025252353c48]
Event: 151.781 Thread 0x0000025278012ba0 5247       3       java.util.TreeMap$PrivateEntryIterator::<init> (28 bytes)
Event: 151.781 Thread 0x0000025278012ba0 nmethod 5247 0x00000252522bc210 code [0x00000252522bc3c0, 0x00000252522bc638]

GC Heap History (20 events):
Event: 0.349 GC heap before
{Heap before GC invocations=0 (full 0):
 garbage-first heap   total 524288K, used 20480K [0x0000000600c00000, 0x0000000800000000)
  region size 4096K, 6 young (24576K), 0 survivors (0K)
 Metaspace       used 5081K, committed 5184K, reserved 1056768K
  class space    used 469K, committed 512K, reserved 1048576K
}
Event: 0.352 GC heap after
{Heap after GC invocations=1 (full 0):
 garbage-first heap   total 524288K, used 5040K [0x0000000600c00000, 0x0000000800000000)
  region size 4096K, 1 young (4096K), 1 survivors (4096K)
 Metaspace       used 5081K, committed 5184K, reserved 1056768K
  class space    used 469K, committed 512K, reserved 1048576K
}
Event: 0.483 GC heap before
{Heap before GC invocations=1 (full 0):
 garbage-first heap   total 524288K, used 25520K [0x0000000600c00000, 0x0000000800000000)
  region size 4096K, 6 young (24576K), 1 survivors (4096K)
 Metaspace       used 7789K, committed 7936K, reserved 1056768K
  class space    used 827K, committed 896K, reserved 1048576K
}
Event: 0.485 GC heap after
{Heap after GC invocations=2 (full 0):
 garbage-first heap   total 524288K, used 6189K [0x0000000600c00000, 0x0000000800000000)
  region size 4096K, 1 young (4096K), 1 survivors (4096K)
 Metaspace       used 7789K, committed 7936K, reserved 1056768K
  class space    used 827K, committed 896K, reserved 1048576K
}
Event: 0.681 GC heap before
{Heap before GC invocations=2 (full 0):
 garbage-first heap   total 524288K, used 59437K [0x0000000600c00000, 0x0000000800000000)
  region size 4096K, 14 young (57344K), 1 survivors (4096K)
 Metaspace       used 13274K, committed 13568K, reserved 1064960K
  class space    used 1497K, committed 1664K, reserved 1048576K
}
Event: 0.682 GC heap after
{Heap after GC invocations=3 (full 0):
 garbage-first heap   total 524288K, used 7329K [0x0000000600c00000, 0x0000000800000000)
  region size 4096K, 1 young (4096K), 1 survivors (4096K)
 Metaspace       used 13274K, committed 13568K, reserved 1064960K
  class space    used 1497K, committed 1664K, reserved 1048576K
}
Event: 1.147 GC heap before
{Heap before GC invocations=3 (full 0):
 garbage-first heap   total 524288K, used 105633K [0x0000000600c00000, 0x0000000800000000)
  region size 4096K, 26 young (106496K), 1 survivors (4096K)
 Metaspace       used 20979K, committed 21248K, reserved 1073152K
  class space    used 2488K, committed 2624K, reserved 1048576K
}
Event: 1.149 GC heap after
{Heap after GC invocations=4 (full 0):
 garbage-first heap   total 524288K, used 10141K [0x0000000600c00000, 0x0000000800000000)
  region size 4096K, 2 young (8192K), 2 survivors (8192K)
 Metaspace       used 20979K, committed 21248K, reserved 1073152K
  class space    used 2488K, committed 2624K, reserved 1048576K
}
Event: 1.467 GC heap before
{Heap before GC invocations=5 (full 0):
 garbage-first heap   total 69632K, used 55197K [0x0000000600c00000, 0x0000000800000000)
  region size 4096K, 13 young (53248K), 2 survivors (8192K)
 Metaspace       used 25774K, committed 26112K, reserved 1073152K
  class space    used 3096K, committed 3264K, reserved 1048576K
}
Event: 1.470 GC heap after
{Heap after GC invocations=6 (full 0):
 garbage-first heap   total 73728K, used 12570K [0x0000000600c00000, 0x0000000800000000)
  region size 4096K, 2 young (8192K), 2 survivors (8192K)
 Metaspace       used 25774K, committed 26112K, reserved 1073152K
  class space    used 3096K, committed 3264K, reserved 1048576K
}
Event: 1.721 GC heap before
{Heap before GC invocations=6 (full 0):
 garbage-first heap   total 73728K, used 45338K [0x0000000600c00000, 0x0000000800000000)
  region size 4096K, 10 young (40960K), 2 survivors (8192K)
 Metaspace       used 29172K, committed 29504K, reserved 1081344K
  class space    used 3482K, committed 3648K, reserved 1048576K
}
Event: 1.724 GC heap after
{Heap after GC invocations=7 (full 0):
 garbage-first heap   total 73728K, used 14412K [0x0000000600c00000, 0x0000000800000000)
  region size 4096K, 2 young (8192K), 2 survivors (8192K)
 Metaspace       used 29172K, committed 29504K, reserved 1081344K
  class space    used 3482K, committed 3648K, reserved 1048576K
}
Event: 1.876 GC heap before
{Heap before GC invocations=7 (full 0):
 garbage-first heap   total 73728K, used 43084K [0x0000000600c00000, 0x0000000800000000)
  region size 4096K, 9 young (36864K), 2 survivors (8192K)
 Metaspace       used 32528K, committed 32832K, reserved 1081344K
  class space    used 3932K, committed 4096K, reserved 1048576K
}
Event: 1.878 GC heap after
{Heap after GC invocations=8 (full 0):
 garbage-first heap   total 73728K, used 15627K [0x0000000600c00000, 0x0000000800000000)
  region size 4096K, 1 young (4096K), 1 survivors (4096K)
 Metaspace       used 32528K, committed 32832K, reserved 1081344K
  class space    used 3932K, committed 4096K, reserved 1048576K
}
Event: 2.049 GC heap before
{Heap before GC invocations=8 (full 0):
 garbage-first heap   total 73728K, used 48395K [0x0000000600c00000, 0x0000000800000000)
  region size 4096K, 10 young (40960K), 1 survivors (4096K)
 Metaspace       used 35188K, committed 35520K, reserved 1081344K
  class space    used 4306K, committed 4480K, reserved 1048576K
}
Event: 2.051 GC heap after
{Heap after GC invocations=9 (full 0):
 garbage-first heap   total 299008K, used 16918K [0x0000000600c00000, 0x0000000800000000)
  region size 4096K, 2 young (8192K), 2 survivors (8192K)
 Metaspace       used 35188K, committed 35520K, reserved 1081344K
  class space    used 4306K, committed 4480K, reserved 1048576K
}
Event: 5.420 GC heap before
{Heap before GC invocations=10 (full 0):
 garbage-first heap   total 98304K, used 61974K [0x0000000600c00000, 0x0000000800000000)
  region size 4096K, 14 young (57344K), 2 survivors (8192K)
 Metaspace       used 39716K, committed 40000K, reserved 1089536K
  class space    used 4803K, committed 4928K, reserved 1048576K
}
Event: 5.422 GC heap after
{Heap after GC invocations=11 (full 0):
 garbage-first heap   total 98304K, used 18931K [0x0000000600c00000, 0x0000000800000000)
  region size 4096K, 2 young (8192K), 2 survivors (8192K)
 Metaspace       used 39716K, committed 40000K, reserved 1089536K
  class space    used 4803K, committed 4928K, reserved 1048576K
}
Event: 5.615 GC heap before
{Heap before GC invocations=11 (full 0):
 garbage-first heap   total 98304K, used 68083K [0x0000000600c00000, 0x0000000800000000)
  region size 4096K, 14 young (57344K), 2 survivors (8192K)
 Metaspace       used 44707K, committed 45120K, reserved 1089536K
  class space    used 5182K, committed 5376K, reserved 1048576K
}
Event: 5.617 GC heap after
{Heap after GC invocations=12 (full 0):
 garbage-first heap   total 98304K, used 19584K [0x0000000600c00000, 0x0000000800000000)
  region size 4096K, 2 young (8192K), 2 survivors (8192K)
 Metaspace       used 44707K, committed 45120K, reserved 1089536K
  class space    used 5182K, committed 5376K, reserved 1048576K
}

Deoptimization events (20 events):
Event: 15.741 Thread 0x000002527f92c4d0 DEOPT PACKING pc=0x00000252523bdd1c sp=0x000000f6648faf40
Event: 15.741 Thread 0x000002527f92c4d0 DEOPT UNPACKING pc=0x0000025251d0dece sp=0x000000f6648fa3d8 mode 1
Event: 15.741 Thread 0x000002527f92c4d0 DEOPT PACKING pc=0x0000025252410b64 sp=0x000000f6648fb010
Event: 15.741 Thread 0x000002527f92c4d0 DEOPT UNPACKING pc=0x0000025251d0dece sp=0x000000f6648fa4c8 mode 1
Event: 15.741 Thread 0x000002527f92c4d0 DEOPT PACKING pc=0x000002525249ec44 sp=0x000000f6648fba30
Event: 15.741 Thread 0x000002527f92c4d0 DEOPT UNPACKING pc=0x0000025251d0dece sp=0x000000f6648faf08 mode 1
Event: 15.741 Thread 0x000002527f92c4d0 DEOPT PACKING pc=0x00000252526e01e4 sp=0x000000f6648fbad0
Event: 15.741 Thread 0x000002527f92c4d0 DEOPT UNPACKING pc=0x0000025251d0dece sp=0x000000f6648fb038 mode 1
Event: 15.741 Thread 0x000002527f92c4d0 DEOPT PACKING pc=0x00000252523bdd1c sp=0x000000f6648fafc0
Event: 15.741 Thread 0x000002527f92c4d0 DEOPT UNPACKING pc=0x0000025251d0dece sp=0x000000f6648fa458 mode 1
Event: 15.741 Thread 0x000002527f92c4d0 DEOPT PACKING pc=0x0000025252410b64 sp=0x000000f6648fb090
Event: 15.741 Thread 0x000002527f92c4d0 DEOPT UNPACKING pc=0x0000025251d0dece sp=0x000000f6648fa548 mode 1
Event: 15.741 Thread 0x000002527f92c4d0 DEOPT PACKING pc=0x000002525249ec44 sp=0x000000f6648fbab0
Event: 15.741 Thread 0x000002527f92c4d0 DEOPT UNPACKING pc=0x0000025251d0dece sp=0x000000f6648fafa0 mode 1
Event: 15.742 Thread 0x000002527f92c4d0 DEOPT PACKING pc=0x00000252523bdd1c sp=0x000000f6648faef0
Event: 15.742 Thread 0x000002527f92c4d0 DEOPT UNPACKING pc=0x0000025251d0dece sp=0x000000f6648fa388 mode 1
Event: 15.743 Thread 0x000002527f92c4d0 DEOPT PACKING pc=0x0000025252410b64 sp=0x000000f6648fafc0
Event: 15.743 Thread 0x000002527f92c4d0 DEOPT UNPACKING pc=0x0000025251d0dece sp=0x000000f6648fa478 mode 1
Event: 15.743 Thread 0x000002527f92c4d0 DEOPT PACKING pc=0x00000252528bea44 sp=0x000000f6648fb9e0
Event: 15.743 Thread 0x000002527f92c4d0 DEOPT UNPACKING pc=0x0000025251d0dece sp=0x000000f6648faeb0 mode 1

Classes unloaded (0 events):
No events

Classes redefined (0 events):
No events

Internal exceptions (20 events):
Event: 2.098 Thread 0x0000025248d23430 Exception <a 'java/lang/NoSuchMethodError'{0x0000000606702160}: 'int java.lang.invoke.DirectMethodHandle$Holder.invokeStaticInit(java.lang.Object, java.lang.Object, java.lang.Object, java.lang.Object)'> (0x0000000606702160) 
thrown [t:\workspace\open\src\hotspot\share\interpreter\linkResolver.cpp, line 790]
Event: 2.134 Thread 0x0000025248d23430 Exception <a 'java/lang/NoSuchMethodError'{0x0000000605cb0358}: 'java.lang.Object java.lang.invoke.DirectMethodHandle$Holder.newInvokeSpecial(java.lang.Object, java.lang.Object, int, java.lang.Object, java.lang.Object)'> (0x0000000605cb0358) 
thrown [t:\workspace\open\src\hotspot\share\interpreter\linkResolver.cpp, line 790]
Event: 2.135 Thread 0x0000025248d23430 Exception <a 'java/lang/NoSuchMethodError'{0x0000000605cbc0a0}: 'java.lang.Object java.lang.invoke.DirectMethodHandle$Holder.invokeSpecial(java.lang.Object, java.lang.Object, int, java.lang.Object, int, java.lang.Object)'> (0x0000000605cbc0a0) 
thrown [t:\workspace\open\src\hotspot\share\interpreter\linkResolver.cpp, line 790]
Event: 2.135 Thread 0x0000025248d23430 Exception <a 'java/lang/NoSuchMethodError'{0x0000000605cc4460}: 'java.lang.Object java.lang.invoke.DirectMethodHandle$Holder.newInvokeSpecial(java.lang.Object, java.lang.Object, int, java.lang.Object, int)'> (0x0000000605cc4460) 
thrown [t:\workspace\open\src\hotspot\share\interpreter\linkResolver.cpp, line 790]
Event: 2.135 Thread 0x0000025248d23430 Exception <a 'java/lang/NoSuchMethodError'{0x0000000605cc8670}: 'java.lang.Object java.lang.invoke.DirectMethodHandle$Holder.invokeSpecial(java.lang.Object, java.lang.Object, java.lang.Object, int, java.lang.Object, int)'> (0x0000000605cc8670) 
thrown [t:\workspace\open\src\hotspot\share\interpreter\linkResolver.cpp, line 790]
Event: 2.136 Thread 0x0000025248d23430 Exception <a 'java/lang/NoSuchMethodError'{0x0000000605cd7a80}: 'void java.lang.invoke.DirectMethodHandle$Holder.invokeVirtual(java.lang.Object, java.lang.Object)'> (0x0000000605cd7a80) 
thrown [t:\workspace\open\src\hotspot\share\interpreter\linkResolver.cpp, line 790]
Event: 5.527 Thread 0x000002527f92a4f0 Exception <a 'java/lang/ArrayIndexOutOfBoundsException'{0x000000060453c3c8}: Index 12870 out of bounds for length 12870> (0x000000060453c3c8) 
thrown [t:\workspace\open\src\hotspot\share\interpreter\interpreterRuntime.cpp, line 425]
Event: 15.628 Thread 0x000002527f92c4d0 Implicit null exception at 0x00000252597f1a95 to 0x00000252597f241c
Event: 15.628 Thread 0x000002527f92c4d0 Implicit null exception at 0x00000252597ea895 to 0x00000252597eb1c8
Event: 15.638 Thread 0x000002527f92c4d0 Exception <a 'java/lang/ClassNotFoundException'{0x000000060633efc0}: org/springframework/web/servlet/tags/UrlTagBeanInfo> (0x000000060633efc0) 
thrown [t:\workspace\open\src\hotspot\share\classfile\systemDictionary.cpp, line 256]
Event: 15.638 Thread 0x000002527f92c4d0 Exception <a 'java/lang/ClassNotFoundException'{0x0000000606344a60}: org/springframework/web/servlet/tags/HtmlEscapingAwareTagBeanInfo> (0x0000000606344a60) 
thrown [t:\workspace\open\src\hotspot\share\classfile\systemDictionary.cpp, line 256]
Event: 15.639 Thread 0x000002527f92c4d0 Exception <a 'java/lang/ClassNotFoundException'{0x000000060634a548}: org/springframework/web/servlet/tags/RequestContextAwareTagBeanInfo> (0x000000060634a548) 
thrown [t:\workspace\open\src\hotspot\share\classfile\systemDictionary.cpp, line 256]
Event: 15.640 Thread 0x000002527f92c4d0 Exception <a 'java/lang/ClassNotFoundException'{0x000000060634fb60}: javax/servlet/jsp/tagext/TagSupportBeanInfo> (0x000000060634fb60) 
thrown [t:\workspace\open\src\hotspot\share\classfile\systemDictionary.cpp, line 256]
Event: 15.640 Thread 0x000002527f92c4d0 Exception <a 'java/lang/ClassNotFoundException'{0x0000000606353268}: java/lang/ObjectBeanInfo> (0x0000000606353268) 
thrown [t:\workspace\open\src\hotspot\share\classfile\systemDictionary.cpp, line 256]
Event: 15.641 Thread 0x000002527f92c4d0 Exception <a 'java/lang/ClassNotFoundException'{0x00000006063569b0}: java/lang/ObjectCustomizer> (0x00000006063569b0) 
thrown [t:\workspace\open\src\hotspot\share\classfile\systemDictionary.cpp, line 256]
Event: 15.641 Thread 0x000002527f92c4d0 Exception <a 'java/lang/ClassNotFoundException'{0x000000060635f8f0}: javax/servlet/jsp/tagext/TagSupportCustomizer> (0x000000060635f8f0) 
thrown [t:\workspace\open\src\hotspot\share\classfile\systemDictionary.cpp, line 256]
Event: 15.642 Thread 0x000002527f92c4d0 Exception <a 'java/lang/ClassNotFoundException'{0x0000000606370170}: org/springframework/web/servlet/tags/RequestContextAwareTagCustomizer> (0x0000000606370170) 
thrown [t:\workspace\open\src\hotspot\share\classfile\systemDictionary.cpp, line 256]
Event: 15.644 Thread 0x000002527f92c4d0 Exception <a 'java/lang/ClassNotFoundException'{0x0000000606388808}: org/springframework/web/servlet/tags/HtmlEscapingAwareTagCustomizer> (0x0000000606388808) 
thrown [t:\workspace\open\src\hotspot\share\classfile\systemDictionary.cpp, line 256]
Event: 15.644 Thread 0x000002527f92c4d0 Exception <a 'java/lang/ClassNotFoundException'{0x0000000606392570}: org/springframework/web/servlet/tags/UrlTagCustomizer> (0x0000000606392570) 
thrown [t:\workspace\open\src\hotspot\share\classfile\systemDictionary.cpp, line 256]
Event: 15.649 Thread 0x000002527f92c4d0 Exception <a 'java/lang/ArrayIndexOutOfBoundsException'{0x00000006063eb4a0}> (0x00000006063eb4a0) 
thrown [t:\workspace\open\src\hotspot\share\runtime\sharedRuntime.cpp, line 624]

Events (20 events):
Event: 15.641 loading class java/lang/ObjectCustomizer done
Event: 15.717 Executing  VM operation: Cleanup
Event: 15.717 Executing  VM operation: Cleanup done
Event: 16.730 Executing  VM operation: Cleanup
Event: 16.730 Executing  VM operation: Cleanup done
Event: 20.757 Thread 0x00000252044de4c0 Thread exited: 0x00000252044de4c0
Event: 20.757 Thread 0x000002527ba34be0 Thread exited: 0x000002527ba34be0
Event: 62.161 Executing  VM operation: Cleanup
Event: 62.161 Executing  VM operation: Cleanup done
Event: 65.357 Thread 0x000002527f929a50 Thread added: 0x000002527f929a50
Event: 66.192 Executing  VM operation: Cleanup
Event: 66.192 Executing  VM operation: Cleanup done
Event: 76.475 Thread 0x000002527f92bf80 Thread added: 0x000002527f92bf80
Event: 102.509 Executing  VM operation: Cleanup
Event: 102.509 Executing  VM operation: Cleanup done
Event: 131.810 Executing  VM operation: Cleanup
Event: 131.810 Executing  VM operation: Cleanup done
Event: 150.971 Executing  VM operation: Cleanup
Event: 150.971 Executing  VM operation: Cleanup done
Event: 155.976 Executing  VM operation: RedefineClasses


Dynamic libraries:
0x00007ff65b650000 - 0x00007ff65b660000 	C:\Program Files\Java\jdk-16.0.2\bin\javaw.exe
0x00007ffd1acb0000 - 0x00007ffd1aea5000 	C:\WINDOWS\SYSTEM32\ntdll.dll
0x00007ffd1a6c0000 - 0x00007ffd1a77d000 	C:\WINDOWS\System32\KERNEL32.DLL
0x00007ffd188e0000 - 0x00007ffd18ba9000 	C:\WINDOWS\System32\KERNELBASE.dll
0x00007ffd183e0000 - 0x00007ffd184e0000 	C:\WINDOWS\System32\ucrtbase.dll
0x00007ffd124b0000 - 0x00007ffd124c8000 	C:\Program Files\Java\jdk-16.0.2\bin\jli.dll
0x00007ffd19a50000 - 0x00007ffd19afc000 	C:\WINDOWS\System32\ADVAPI32.dll
0x00007ffd18e30000 - 0x00007ffd18ece000 	C:\WINDOWS\System32\msvcrt.dll
0x00007ffd199b0000 - 0x00007ffd19a4b000 	C:\WINDOWS\System32\sechost.dll
0x00007ffd0e6a0000 - 0x00007ffd0e6b9000 	C:\Program Files\Java\jdk-16.0.2\bin\VCRUNTIME140.dll
0x00007ffd19080000 - 0x00007ffd191aa000 	C:\WINDOWS\System32\RPCRT4.dll
0x00007ffd19ed0000 - 0x00007ffd1a070000 	C:\WINDOWS\System32\USER32.dll
0x00007ffd187a0000 - 0x00007ffd187c2000 	C:\WINDOWS\System32\win32u.dll
0x00007ffd19e20000 - 0x00007ffd19e4a000 	C:\WINDOWS\System32\GDI32.dll
0x00007ffd03b10000 - 0x00007ffd03daa000 	C:\WINDOWS\WinSxS\amd64_microsoft.windows.common-controls_6595b64144ccf1df_6.0.19041.1110_none_60b5254171f9507e\COMCTL32.dll
0x00007ffd187d0000 - 0x00007ffd188db000 	C:\WINDOWS\System32\gdi32full.dll
0x00007ffd18700000 - 0x00007ffd1879d000 	C:\WINDOWS\System32\msvcp_win.dll
0x00007ffd11a10000 - 0x00007ffd11a1a000 	C:\WINDOWS\SYSTEM32\VERSION.dll
0x00007ffd19d80000 - 0x00007ffd19db0000 	C:\WINDOWS\System32\IMM32.DLL
0x00007ffd12dd0000 - 0x00007ffd12ddc000 	C:\Program Files\Java\jdk-16.0.2\bin\vcruntime140_1.dll
0x00007ffd0d330000 - 0x00007ffd0d3c1000 	C:\Program Files\Java\jdk-16.0.2\bin\msvcp140.dll
0x00007ffcb2250000 - 0x00007ffcb2dfb000 	C:\Program Files\Java\jdk-16.0.2\bin\server\jvm.dll
0x00007ffd19db0000 - 0x00007ffd19db8000 	C:\WINDOWS\System32\PSAPI.DLL
0x00007ffd0dc40000 - 0x00007ffd0dc49000 	C:\WINDOWS\SYSTEM32\WSOCK32.dll
0x00007ffd1ac00000 - 0x00007ffd1ac6b000 	C:\WINDOWS\System32\WS2_32.dll
0x00007ffd06c10000 - 0x00007ffd06c37000 	C:\WINDOWS\SYSTEM32\WINMM.dll
0x00007ffd16c80000 - 0x00007ffd16c92000 	C:\WINDOWS\SYSTEM32\kernel.appcore.dll
0x00007ffd124a0000 - 0x00007ffd124aa000 	C:\Program Files\Java\jdk-16.0.2\bin\jimage.dll
0x00007ffd167b0000 - 0x00007ffd16994000 	C:\WINDOWS\SYSTEM32\DBGHELP.DLL
0x00007ffcfda00000 - 0x00007ffcfda2c000 	C:\WINDOWS\SYSTEM32\dbgcore.DLL
0x00007ffd18540000 - 0x00007ffd185c3000 	C:\WINDOWS\System32\bcryptPrimitives.dll
0x00007ffd0e660000 - 0x00007ffd0e69b000 	C:\Program Files\Java\jdk-16.0.2\bin\jdwp.dll
0x00007ffd0e650000 - 0x00007ffd0e65e000 	C:\Program Files\Java\jdk-16.0.2\bin\instrument.dll
0x00007ffd0e5b0000 - 0x00007ffd0e5d5000 	C:\Program Files\Java\jdk-16.0.2\bin\java.dll
0x00007ffd191b0000 - 0x00007ffd198ef000 	C:\WINDOWS\System32\SHELL32.dll
0x00007ffd156b0000 - 0x00007ffd15e40000 	C:\WINDOWS\SYSTEM32\windows.storage.dll
0x00007ffd1a0d0000 - 0x00007ffd1a425000 	C:\WINDOWS\System32\combase.dll
0x00007ffd17d60000 - 0x00007ffd17d8c000 	C:\WINDOWS\SYSTEM32\Wldp.dll
0x00007ffd19900000 - 0x00007ffd199ae000 	C:\WINDOWS\System32\SHCORE.dll
0x00007ffd18ed0000 - 0x00007ffd18f25000 	C:\WINDOWS\System32\shlwapi.dll
0x00007ffd18320000 - 0x00007ffd1833f000 	C:\WINDOWS\SYSTEM32\profapi.dll
0x00007ffd0e4c0000 - 0x00007ffd0e4cc000 	C:\Program Files\Java\jdk-16.0.2\bin\dt_socket.dll
0x00007ffd17800000 - 0x00007ffd1783b000 	C:\WINDOWS\SYSTEM32\IPHLPAPI.DLL
0x00007ffd17b40000 - 0x00007ffd17baa000 	C:\WINDOWS\system32\mswsock.dll
0x00007ffd17840000 - 0x00007ffd1790c000 	C:\WINDOWS\SYSTEM32\DNSAPI.dll
0x00007ffd198f0000 - 0x00007ffd198f8000 	C:\WINDOWS\System32\NSI.dll
0x00007ffd0ee20000 - 0x00007ffd0ee2a000 	C:\Windows\System32\rasadhlp.dll
0x00007ffd0e6e0000 - 0x00007ffd0e75f000 	C:\WINDOWS\System32\fwpuclnt.dll
0x00007ffd18620000 - 0x00007ffd18647000 	C:\WINDOWS\System32\bcrypt.dll
0x00007ffd0e340000 - 0x00007ffd0e358000 	C:\Program Files\Java\jdk-16.0.2\bin\zip.dll
0x00007ffd0dca0000 - 0x00007ffd0dcb9000 	C:\Program Files\Java\jdk-16.0.2\bin\net.dll
0x00007ffd101f0000 - 0x00007ffd102f8000 	C:\WINDOWS\SYSTEM32\WINHTTP.dll
0x00007ffd0db60000 - 0x00007ffd0db73000 	C:\Program Files\Java\jdk-16.0.2\bin\nio.dll
0x00007ffd0dc70000 - 0x00007ffd0dc80000 	C:\Program Files\Java\jdk-16.0.2\bin\verify.dll
0x00007ffd0db50000 - 0x00007ffd0db59000 	C:\Program Files\Java\jdk-16.0.2\bin\management.dll
0x00007ffd0da60000 - 0x00007ffd0da6b000 	C:\Program Files\Java\jdk-16.0.2\bin\management_ext.dll
0x00007ffce3560000 - 0x00007ffce3577000 	C:\WINDOWS\system32\napinsp.dll
0x00007ffce3540000 - 0x00007ffce355b000 	C:\WINDOWS\system32\pnrpnsp.dll
0x00007ffd13170000 - 0x00007ffd13185000 	C:\WINDOWS\system32\wshbth.dll
0x00007ffd13bd0000 - 0x00007ffd13bed000 	C:\WINDOWS\system32\NLAapi.dll
0x00007ffce3520000 - 0x00007ffce3532000 	C:\WINDOWS\System32\winrnr.dll
0x00007ffd17da0000 - 0x00007ffd17db8000 	C:\WINDOWS\SYSTEM32\CRYPTSP.dll
0x00007ffd17470000 - 0x00007ffd174a4000 	C:\WINDOWS\system32\rsaenh.dll
0x00007ffd182a0000 - 0x00007ffd182ce000 	C:\WINDOWS\SYSTEM32\USERENV.dll
0x00007ffd17cd0000 - 0x00007ffd17cdc000 	C:\WINDOWS\SYSTEM32\CRYPTBASE.dll
0x00007ffd11de0000 - 0x00007ffd11df7000 	C:\WINDOWS\SYSTEM32\dhcpcsvc6.DLL
0x00007ffd11dc0000 - 0x00007ffd11ddd000 	C:\WINDOWS\SYSTEM32\dhcpcsvc.DLL
0x00007ffd0da50000 - 0x00007ffd0da5e000 	C:\Program Files\Java\jdk-16.0.2\bin\sunmscapi.dll
0x00007ffd18bb0000 - 0x00007ffd18d0f000 	C:\WINDOWS\System32\CRYPT32.dll
0x00007ffd17eb0000 - 0x00007ffd17ed7000 	C:\WINDOWS\SYSTEM32\ncrypt.dll
0x00007ffd17e70000 - 0x00007ffd17eab000 	C:\WINDOWS\SYSTEM32\NTASN1.dll
0x00007ffd0da40000 - 0x00007ffd0da47000 	C:\WINDOWS\system32\wshunix.dll

dbghelp: loaded successfully - version: 4.0.5 - missing functions: none
symbol engine: initialized successfully - sym options: 0x614 - pdb path: .;C:\Program Files\Java\jdk-16.0.2\bin;C:\WINDOWS\SYSTEM32;C:\WINDOWS\WinSxS\amd64_microsoft.windows.common-controls_6595b64144ccf1df_6.0.19041.1110_none_60b5254171f9507e;C:\Program Files\Java\jdk-16.0.2\bin\server

VM Arguments:
jvm_args: -XX:+ShowCodeDetailsInExceptionMessages -agentlib:jdwp=transport=dt_socket,suspend=y,address=localhost:54293 -javaagent:E:\workspaces\eclipse\sts-4.11.1.RELEASE\configuration\org.eclipse.osgi\258\0\.cp\lib\javaagent-shaded.jar -Dfile.encoding=UTF-8 
java_command: com.javis.web.config.Application
java_class_path (initial): E:\workspaces\2021\mentoring\com.javis.web\target\classes;C:\Users\cwygp\.m2\repository\org\springframework\boot\spring-boot-starter-security\2.5.4\spring-boot-starter-security-2.5.4.jar;C:\Users\cwygp\.m2\repository\org\springframework\boot\spring-boot-starter\2.5.4\spring-boot-starter-2.5.4.jar;C:\Users\cwygp\.m2\repository\org\springframework\boot\spring-boot\2.5.4\spring-boot-2.5.4.jar;C:\Users\cwygp\.m2\repository\org\springframework\boot\spring-boot-autoconfigure\2.5.4\spring-boot-autoconfigure-2.5.4.jar;C:\Users\cwygp\.m2\repository\org\springframework\boot\spring-boot-starter-logging\2.5.4\spring-boot-starter-logging-2.5.4.jar;C:\Users\cwygp\.m2\repository\ch\qos\logback\logback-classic\1.2.5\logback-classic-1.2.5.jar;C:\Users\cwygp\.m2\repository\ch\qos\logback\logback-core\1.2.5\logback-core-1.2.5.jar;C:\Users\cwygp\.m2\repository\org\apache\logging\log4j\log4j-to-slf4j\2.14.1\log4j-to-slf4j-2.14.1.jar;C:\Users\cwygp\.m2\repository\org\apache\logging\log4j\log4j-api\2.14.1\log4j-api-2.14.1.jar;C:\Users\cwygp\.m2\repository\org\slf4j\jul-to-slf4j\1.7.32\jul-to-slf4j-1.7.32.jar;C:\Users\cwygp\.m2\repository\jakarta\annotation\jakarta.annotation-api\1.3.5\jakarta.annotation-api-1.3.5.jar;C:\Users\cwygp\.m2\repository\org\yaml\snakeyaml\1.28\snakeyaml-1.28.jar;C:\Users\cwygp\.m2\repository\org\springframework\spring-aop\5.3.9\spring-aop-5.3.9.jar;C:\Users\cwygp\.m2\repository\org\springframework\spring-beans\5.3.9\spring-beans-5.3.9.jar;C:\Users\cwygp\.m2\repository\org\springframework\security\spring-security-config\5.5.2\spring-security-config-5.5.2.jar;C:\Users\cwygp\.m2\repository\org\springframework\spring-context\5.3.9\spring-context-5.3.9.jar;C:\Users\cwygp\.m2\repository\org\springframework\security\spring-security-web\5.5.2\spring-security-web-5.5.2.jar;C:\Users\cwygp\.m2\repository\org\springframework\spring-expression\5.3.9\spring-expression-5.3.9.jar;C:\Users\cwygp\.m2\repository\org\springframework\boot\spring-boot-sta
Launcher Type: SUN_STANDARD

[Global flags]
     intx CICompilerCount                          = 4                                         {product} {ergonomic}
     uint ConcGCThreads                            = 3                                         {product} {ergonomic}
     uint G1ConcRefinementThreads                  = 10                                        {product} {ergonomic}
   size_t G1HeapRegionSize                         = 4194304                                   {product} {ergonomic}
    uintx GCDrainStackTargetSize                   = 64                                        {product} {ergonomic}
   size_t InitialHeapSize                          = 536870912                                 {product} {ergonomic}
   size_t MarkStackSize                            = 4194304                                   {product} {ergonomic}
   size_t MaxHeapSize                              = 8577351680                                {product} {ergonomic}
   size_t MaxNewSize                               = 5146411008                                {product} {ergonomic}
   size_t MinHeapDeltaBytes                        = 4194304                                   {product} {ergonomic}
   size_t MinHeapSize                              = 8388608                                   {product} {ergonomic}
    uintx NonNMethodCodeHeapSize                   = 5839372                                {pd product} {ergonomic}
    uintx NonProfiledCodeHeapSize                  = 122909434                              {pd product} {ergonomic}
    uintx ProfiledCodeHeapSize                     = 122909434                              {pd product} {ergonomic}
    uintx ReservedCodeCacheSize                    = 251658240                              {pd product} {ergonomic}
     bool SegmentedCodeCache                       = true                                      {product} {ergonomic}
     bool ShowCodeDetailsInExceptionMessages       = true                                   {manageable} {command line}
   size_t SoftMaxHeapSize                          = 8577351680                             {manageable} {ergonomic}
     bool UseCompressedClassPointers               = true                           {product lp64_product} {ergonomic}
     bool UseCompressedOops                        = true                           {product lp64_product} {ergonomic}
     bool UseG1GC                                  = true                                      {product} {ergonomic}
     bool UseLargePagesIndividualAllocation        = false                                  {pd product} {ergonomic}

Logging:
Log output configuration:
 #0: stdout all=warning uptime,level,tags
 #1: stderr all=off uptime,level,tags

Environment Variables:
PATH=E:/workspaces/eclipse/sts-4.11.1.RELEASE//plugins/org.eclipse.justj.openjdk.hotspot.jre.full.win32.x86_64_16.0.2.v20210721-1149/jre/bin/server;E:/workspaces/eclipse/sts-4.11.1.RELEASE//plugins/org.eclipse.justj.openjdk.hotspot.jre.full.win32.x86_64_16.0.2.v20210721-1149/jre/bin;C:\Program Files\Common Files\Oracle\Java\javapath;C:\Program Files\Oculus\Support\oculus-runtime;C:\WINDOWS\system32;C:\WINDOWS;C:\WINDOWS\System32\Wbem;C:\WINDOWS\System32\WindowsPowerShell\v1.0\;C:\WINDOWS\System32\OpenSSH\;C:\Program Files\NVIDIA Corporation\NVIDIA NvDLISR;C:\Program Files (x86)\NVIDIA Corporation\PhysX\Common;C:\Program Files\MySQL\MySQL Shell 8.0\bin\;C:\Users\cwygp\AppData\Local\Microsoft\WindowsApps;C:\Program Files\Bandizip\;E:\study\PyCharm Community Edition 2020.3.3\bin;;E:\workspaces\eclipse\sts-4.11.1.RELEASE;
USERNAME=cwygp
OS=Windows_NT
PROCESSOR_IDENTIFIER=AMD64 Family 25 Model 33 Stepping 0, AuthenticAMD



---------------  S Y S T E M  ---------------

OS:
 Windows 10 , 64 bit Build 19041 (10.0.19041.1151)
OS uptime: 18 days 1:12 hours
Hyper-V role detected

CPU: total 12 (initial active 12) (12 cores per cpu, 2 threads per core) family 25 model 33 stepping 0 microcode 0x0, cx8, cmov, fxsr, ht, mmx, 3dnowpref, sse, sse2, sse3, ssse3, sse4a, sse4.1, sse4.2, popcnt, lzcnt, tsc, tscinvbit, avx, avx2, aes, erms, clmul, bmi1, bmi2, adx, sha, fma, vzeroupper, clflush, clflushopt, hv

Memory: 4k page, system-wide physical 32712M (21932M free)
TotalPageFile size 37576M (AvailPageFile size 24094M)
current process WorkingSet (physical memory assigned to process): 222M, peak: 306M
current process commit charge ("private bytes"): 267M, peak: 739M

vm_info: Java HotSpot(TM) 64-Bit Server VM (16.0.2+7-67) for windows-amd64 JRE (16.0.2+7-67), built on Jun  8 2021 23:24:19 by "mach5one" with MS VC++ 16.7 (VS2019)

END.
